----------------------------------------------------------------
<<<<<<< HEAD
Sun Jan 20 13:06:40 CET 2019:
Booting Derby version The Apache Software Foundation - Apache Derby - 10.8.3.0 - (1405108): instance a816c00e-0168-6b27-d8e1-000005884c20 
on database directory C:\Users\Lezard\Documents\git\SmartUrbanFarming\SmartUrbanFarming\SmartUrbanFarming\farming  with class loader WebappClassLoader
  context: /SmartUrbanFarming
  delegate: false
  repositories:
----------> Parent Classloader:
ClassRealm[plugin>org.apache.tomcat.maven:tomcat7-maven-plugin:2.2, parent: sun.misc.Launcher$AppClassLoader@5c647e05]
=======
Sun Jan 20 13:46:18 CET 2019:
Booting Derby version The Apache Software Foundation - Apache Derby - 10.8.3.0 - (1405108): instance a816c00e-0168-6b4c-23c3-00000955f510 
on database directory /Users/Beate/SmartUrbanFarming/SmartUrbanFarming/farming  with class loader WebappClassLoader
  context: /SmartUrbanFarming
  delegate: false
  repositories:
----------> Parent Classloader:
ClassRealm[plugin>org.apache.tomcat.maven:tomcat7-maven-plugin:2.2, parent: sun.misc.Launcher$AppClassLoader@55f96302]
>>>>>>> 79a0da6b8a67b88c2aeff0836d2340a316d324ec
 
Loaded from file:/Users/Beate/.m2/repository/org/apache/derby/derby/10.8.3.0/derby-10.8.3.0.jar
java.vendor=Oracle Corporation
java.runtime.version=1.8.0_144-b01
user.dir=/Users/Beate/SmartUrbanFarming/SmartUrbanFarming
os.name=Mac OS X
os.arch=x86_64
os.version=10.13.2
derby.system.home=null
Database Class Loader started - derby.database.classpath=''
